{"/Users/vaishnavi/SE-main/backend/middleware/auth.js": {"path":"/Users/vaishnavi/SE-main/backend/middleware/auth.js","statementMap":{"0":{"start":{"line":1,"column":12},"end":{"line":1,"column":35}},"1":{"start":{"line":2,"column":19},"end":{"line":2,"column":50}},"2":{"start":{"line":3,"column":13},"end":{"line":3,"column":38}},"3":{"start":{"line":6,"column":0},"end":{"line":36,"column":2}},"4":{"start":{"line":7,"column":2},"end":{"line":35,"column":3}},"5":{"start":{"line":11,"column":4},"end":{"line":13,"column":5}},"6":{"start":{"line":12,"column":6},"end":{"line":12,"column":54}},"7":{"start":{"line":15,"column":4},"end":{"line":17,"column":5}},"8":{"start":{"line":16,"column":6},"end":{"line":16,"column":102}},"9":{"start":{"line":20,"column":20},"end":{"line":20,"column":61}},"10":{"start":{"line":23,"column":23},"end":{"line":23,"column":60}},"11":{"start":{"line":24,"column":4},"end":{"line":26,"column":5}},"12":{"start":{"line":25,"column":6},"end":{"line":25,"column":107}},"13":{"start":{"line":29,"column":4},"end":{"line":29,"column":32}},"14":{"start":{"line":30,"column":4},"end":{"line":30,"column":38}},"15":{"start":{"line":31,"column":4},"end":{"line":31,"column":11}},"16":{"start":{"line":33,"column":4},"end":{"line":33,"column":50}},"17":{"start":{"line":34,"column":4},"end":{"line":34,"column":84}},"18":{"start":{"line":39,"column":0},"end":{"line":65,"column":2}},"19":{"start":{"line":40,"column":2},"end":{"line":64,"column":3}},"20":{"start":{"line":43,"column":4},"end":{"line":45,"column":5}},"21":{"start":{"line":44,"column":6},"end":{"line":44,"column":54}},"22":{"start":{"line":47,"column":4},"end":{"line":49,"column":5}},"23":{"start":{"line":48,"column":6},"end":{"line":48,"column":102}},"24":{"start":{"line":51,"column":20},"end":{"line":51,"column":61}},"25":{"start":{"line":53,"column":17},"end":{"line":53,"column":48}},"26":{"start":{"line":54,"column":4},"end":{"line":56,"column":5}},"27":{"start":{"line":55,"column":6},"end":{"line":55,"column":101}},"28":{"start":{"line":58,"column":4},"end":{"line":58,"column":20}},"29":{"start":{"line":59,"column":4},"end":{"line":59,"column":26}},"30":{"start":{"line":60,"column":4},"end":{"line":60,"column":11}},"31":{"start":{"line":62,"column":4},"end":{"line":62,"column":50}},"32":{"start":{"line":63,"column":4},"end":{"line":63,"column":84}}},"fnMap":{"0":{"name":"(anonymous_0)","decl":{"start":{"line":6,"column":33},"end":{"line":6,"column":34}},"loc":{"start":{"line":6,"column":59},"end":{"line":36,"column":1}},"line":6},"1":{"name":"(anonymous_1)","decl":{"start":{"line":39,"column":27},"end":{"line":39,"column":28}},"loc":{"start":{"line":39,"column":53},"end":{"line":65,"column":1}},"line":39}},"branchMap":{"0":{"loc":{"start":{"line":11,"column":4},"end":{"line":13,"column":5}},"type":"if","locations":[{"start":{"line":11,"column":4},"end":{"line":13,"column":5}},{"start":{},"end":{}}],"line":11},"1":{"loc":{"start":{"line":11,"column":8},"end":{"line":11,"column":83}},"type":"binary-expr","locations":[{"start":{"line":11,"column":8},"end":{"line":11,"column":33}},{"start":{"line":11,"column":37},"end":{"line":11,"column":83}}],"line":11},"2":{"loc":{"start":{"line":15,"column":4},"end":{"line":17,"column":5}},"type":"if","locations":[{"start":{"line":15,"column":4},"end":{"line":17,"column":5}},{"start":{},"end":{}}],"line":15},"3":{"loc":{"start":{"line":24,"column":4},"end":{"line":26,"column":5}},"type":"if","locations":[{"start":{"line":24,"column":4},"end":{"line":26,"column":5}},{"start":{},"end":{}}],"line":24},"4":{"loc":{"start":{"line":43,"column":4},"end":{"line":45,"column":5}},"type":"if","locations":[{"start":{"line":43,"column":4},"end":{"line":45,"column":5}},{"start":{},"end":{}}],"line":43},"5":{"loc":{"start":{"line":43,"column":8},"end":{"line":43,"column":83}},"type":"binary-expr","locations":[{"start":{"line":43,"column":8},"end":{"line":43,"column":33}},{"start":{"line":43,"column":37},"end":{"line":43,"column":83}}],"line":43},"6":{"loc":{"start":{"line":47,"column":4},"end":{"line":49,"column":5}},"type":"if","locations":[{"start":{"line":47,"column":4},"end":{"line":49,"column":5}},{"start":{},"end":{}}],"line":47},"7":{"loc":{"start":{"line":54,"column":4},"end":{"line":56,"column":5}},"type":"if","locations":[{"start":{"line":54,"column":4},"end":{"line":56,"column":5}},{"start":{},"end":{}}],"line":54}},"s":{"0":2,"1":2,"2":2,"3":2,"4":4,"5":4,"6":3,"7":4,"8":1,"9":3,"10":2,"11":2,"12":1,"13":1,"14":1,"15":1,"16":1,"17":1,"18":2,"19":4,"20":4,"21":3,"22":4,"23":1,"24":3,"25":2,"26":2,"27":1,"28":1,"29":1,"30":1,"31":1,"32":1},"f":{"0":4,"1":4},"b":{"0":[3,1],"1":[4,3],"2":[1,3],"3":[1,1],"4":[3,1],"5":[4,3],"6":[1,3],"7":[1,1]},"_coverageSchema":"1a1c01bbd47fc00a2c39e90264f33305004495a9","hash":"cec4f010c2b3424b58a86383e247ff6671e663f4"}
,"/Users/vaishnavi/SE-main/backend/models/Feedback.js": {"path":"/Users/vaishnavi/SE-main/backend/models/Feedback.js","statementMap":{"0":{"start":{"line":1,"column":17},"end":{"line":1,"column":36}},"1":{"start":{"line":3,"column":23},"end":{"line":41,"column":2}},"2":{"start":{"line":43,"column":0},"end":{"line":43,"column":60}}},"fnMap":{},"branchMap":{},"s":{"0":3,"1":3,"2":3},"f":{},"b":{},"_coverageSchema":"1a1c01bbd47fc00a2c39e90264f33305004495a9","hash":"b72e5dcf9a0a4294fc6d80398b923ae2bf2191b4"}
,"/Users/vaishnavi/SE-main/backend/models/Order.js": {"path":"/Users/vaishnavi/SE-main/backend/models/Order.js","statementMap":{"0":{"start":{"line":1,"column":17},"end":{"line":1,"column":36}},"1":{"start":{"line":3,"column":24},"end":{"line":11,"column":2}},"2":{"start":{"line":13,"column":20},"end":{"line":47,"column":2}},"3":{"start":{"line":49,"column":0},"end":{"line":49,"column":54}}},"fnMap":{},"branchMap":{},"s":{"0":5,"1":5,"2":5,"3":5},"f":{},"b":{},"_coverageSchema":"1a1c01bbd47fc00a2c39e90264f33305004495a9","hash":"5e600d68176faa4f1fe3602ec8ebc9958f60dbb6"}
,"/Users/vaishnavi/SE-main/backend/models/Restaurant.js": {"path":"/Users/vaishnavi/SE-main/backend/models/Restaurant.js","statementMap":{"0":{"start":{"line":1,"column":17},"end":{"line":1,"column":36}},"1":{"start":{"line":2,"column":15},"end":{"line":2,"column":34}},"2":{"start":{"line":4,"column":23},"end":{"line":20,"column":2}},"3":{"start":{"line":22,"column":25},"end":{"line":65,"column":2}},"4":{"start":{"line":68,"column":0},"end":{"line":72,"column":3}},"5":{"start":{"line":69,"column":2},"end":{"line":69,"column":50}},"6":{"start":{"line":69,"column":36},"end":{"line":69,"column":50}},"7":{"start":{"line":70,"column":2},"end":{"line":70,"column":55}},"8":{"start":{"line":71,"column":2},"end":{"line":71,"column":9}},"9":{"start":{"line":75,"column":0},"end":{"line":77,"column":2}},"10":{"start":{"line":76,"column":2},"end":{"line":76,"column":69}},"11":{"start":{"line":79,"column":0},"end":{"line":79,"column":64}}},"fnMap":{"0":{"name":"(anonymous_0)","decl":{"start":{"line":68,"column":29},"end":{"line":68,"column":30}},"loc":{"start":{"line":68,"column":50},"end":{"line":72,"column":1}},"line":68},"1":{"name":"(anonymous_1)","decl":{"start":{"line":75,"column":43},"end":{"line":75,"column":44}},"loc":{"start":{"line":75,"column":97},"end":{"line":77,"column":1}},"line":75}},"branchMap":{"0":{"loc":{"start":{"line":69,"column":2},"end":{"line":69,"column":50}},"type":"if","locations":[{"start":{"line":69,"column":2},"end":{"line":69,"column":50}},{"start":{},"end":{}}],"line":69}},"s":{"0":6,"1":6,"2":6,"3":6,"4":6,"5":0,"6":0,"7":0,"8":0,"9":6,"10":3,"11":6},"f":{"0":0,"1":3},"b":{"0":[0,0]},"_coverageSchema":"1a1c01bbd47fc00a2c39e90264f33305004495a9","hash":"5101406aae8a2c0fb7ebe1bf6f10a5e0845aff07"}
,"/Users/vaishnavi/SE-main/backend/models/Support.js": {"path":"/Users/vaishnavi/SE-main/backend/models/Support.js","statementMap":{"0":{"start":{"line":1,"column":17},"end":{"line":1,"column":36}},"1":{"start":{"line":3,"column":22},"end":{"line":9,"column":2}},"2":{"start":{"line":11,"column":0},"end":{"line":11,"column":58}}},"fnMap":{},"branchMap":{},"s":{"0":3,"1":3,"2":3},"f":{},"b":{},"_coverageSchema":"1a1c01bbd47fc00a2c39e90264f33305004495a9","hash":"4910e3acea4ede9a714cea40433444c2502785ff"}
,"/Users/vaishnavi/SE-main/backend/models/User.js": {"path":"/Users/vaishnavi/SE-main/backend/models/User.js","statementMap":{"0":{"start":{"line":1,"column":17},"end":{"line":1,"column":36}},"1":{"start":{"line":2,"column":15},"end":{"line":2,"column":34}},"2":{"start":{"line":4,"column":19},"end":{"line":27,"column":2}},"3":{"start":{"line":30,"column":0},"end":{"line":34,"column":3}},"4":{"start":{"line":31,"column":2},"end":{"line":31,"column":50}},"5":{"start":{"line":31,"column":36},"end":{"line":31,"column":50}},"6":{"start":{"line":32,"column":2},"end":{"line":32,"column":55}},"7":{"start":{"line":33,"column":2},"end":{"line":33,"column":9}},"8":{"start":{"line":37,"column":0},"end":{"line":39,"column":2}},"9":{"start":{"line":38,"column":2},"end":{"line":38,"column":63}},"10":{"start":{"line":41,"column":0},"end":{"line":41,"column":52}}},"fnMap":{"0":{"name":"(anonymous_0)","decl":{"start":{"line":30,"column":23},"end":{"line":30,"column":24}},"loc":{"start":{"line":30,"column":44},"end":{"line":34,"column":1}},"line":30},"1":{"name":"(anonymous_1)","decl":{"start":{"line":37,"column":37},"end":{"line":37,"column":38}},"loc":{"start":{"line":37,"column":85},"end":{"line":39,"column":1}},"line":37}},"branchMap":{"0":{"loc":{"start":{"line":31,"column":2},"end":{"line":31,"column":50}},"type":"if","locations":[{"start":{"line":31,"column":2},"end":{"line":31,"column":50}},{"start":{},"end":{}}],"line":31}},"s":{"0":5,"1":5,"2":5,"3":5,"4":0,"5":0,"6":0,"7":0,"8":5,"9":2,"10":5},"f":{"0":0,"1":2},"b":{"0":[0,0]},"_coverageSchema":"1a1c01bbd47fc00a2c39e90264f33305004495a9","hash":"6bb7e2f079084920b3c62f79cf65bfa9f89501dc"}
,"/Users/vaishnavi/SE-main/backend/routes/Feedback.js": {"path":"/Users/vaishnavi/SE-main/backend/routes/Feedback.js","statementMap":{"0":{"start":{"line":1,"column":16},"end":{"line":1,"column":34}},"1":{"start":{"line":2,"column":17},"end":{"line":2,"column":46}},"2":{"start":{"line":3,"column":14},"end":{"line":3,"column":40}},"3":{"start":{"line":5,"column":15},"end":{"line":5,"column":31}},"4":{"start":{"line":8,"column":0},"end":{"line":32,"column":3}},"5":{"start":{"line":9,"column":2},"end":{"line":31,"column":3}},"6":{"start":{"line":10,"column":91},"end":{"line":10,"column":99}},"7":{"start":{"line":13,"column":29},"end":{"line":13,"column":71}},"8":{"start":{"line":14,"column":4},"end":{"line":16,"column":5}},"9":{"start":{"line":15,"column":6},"end":{"line":15,"column":92}},"10":{"start":{"line":18,"column":21},"end":{"line":26,"column":6}},"11":{"start":{"line":28,"column":4},"end":{"line":28,"column":35}},"12":{"start":{"line":30,"column":4},"end":{"line":30,"column":53}},"13":{"start":{"line":35,"column":0},"end":{"line":44,"column":3}},"14":{"start":{"line":36,"column":2},"end":{"line":43,"column":3}},"15":{"start":{"line":37,"column":21},"end":{"line":39,"column":37}},"16":{"start":{"line":40,"column":4},"end":{"line":40,"column":23}},"17":{"start":{"line":42,"column":4},"end":{"line":42,"column":53}},"18":{"start":{"line":47,"column":0},"end":{"line":56,"column":3}},"19":{"start":{"line":48,"column":2},"end":{"line":55,"column":3}},"20":{"start":{"line":49,"column":22},"end":{"line":51,"column":30}},"21":{"start":{"line":52,"column":4},"end":{"line":52,"column":24}},"22":{"start":{"line":54,"column":4},"end":{"line":54,"column":53}},"23":{"start":{"line":58,"column":0},"end":{"line":58,"column":24}}},"fnMap":{"0":{"name":"(anonymous_0)","decl":{"start":{"line":8,"column":17},"end":{"line":8,"column":18}},"loc":{"start":{"line":8,"column":37},"end":{"line":32,"column":1}},"line":8},"1":{"name":"(anonymous_1)","decl":{"start":{"line":35,"column":30},"end":{"line":35,"column":31}},"loc":{"start":{"line":35,"column":50},"end":{"line":44,"column":1}},"line":35},"2":{"name":"(anonymous_2)","decl":{"start":{"line":47,"column":40},"end":{"line":47,"column":41}},"loc":{"start":{"line":47,"column":60},"end":{"line":56,"column":1}},"line":47}},"branchMap":{"0":{"loc":{"start":{"line":14,"column":4},"end":{"line":16,"column":5}},"type":"if","locations":[{"start":{"line":14,"column":4},"end":{"line":16,"column":5}},{"start":{},"end":{}}],"line":14}},"s":{"0":2,"1":2,"2":2,"3":2,"4":2,"5":26,"6":26,"7":26,"8":26,"9":1,"10":25,"11":10,"12":15,"13":2,"14":4,"15":4,"16":2,"17":2,"18":2,"19":9,"20":9,"21":7,"22":2,"23":2},"f":{"0":26,"1":4,"2":9},"b":{"0":[1,25]},"_coverageSchema":"1a1c01bbd47fc00a2c39e90264f33305004495a9","hash":"e337cb9c3da53e07f826471a6a4d0c19a8b4d5d4"}
,"/Users/vaishnavi/SE-main/backend/routes/Support.js": {"path":"/Users/vaishnavi/SE-main/backend/routes/Support.js","statementMap":{"0":{"start":{"line":1,"column":16},"end":{"line":1,"column":34}},"1":{"start":{"line":2,"column":15},"end":{"line":2,"column":31}},"2":{"start":{"line":3,"column":16},"end":{"line":3,"column":44}},"3":{"start":{"line":6,"column":0},"end":{"line":19,"column":3}},"4":{"start":{"line":7,"column":2},"end":{"line":18,"column":3}},"5":{"start":{"line":8,"column":35},"end":{"line":8,"column":43}},"6":{"start":{"line":10,"column":4},"end":{"line":12,"column":5}},"7":{"start":{"line":11,"column":6},"end":{"line":11,"column":74}},"8":{"start":{"line":14,"column":23},"end":{"line":14,"column":67}},"9":{"start":{"line":15,"column":4},"end":{"line":15,"column":86}},"10":{"start":{"line":17,"column":4},"end":{"line":17,"column":53}},"11":{"start":{"line":22,"column":0},"end":{"line":29,"column":3}},"12":{"start":{"line":23,"column":2},"end":{"line":28,"column":3}},"13":{"start":{"line":24,"column":20},"end":{"line":24,"column":64}},"14":{"start":{"line":25,"column":4},"end":{"line":25,"column":22}},"15":{"start":{"line":27,"column":4},"end":{"line":27,"column":53}},"16":{"start":{"line":31,"column":0},"end":{"line":31,"column":24}}},"fnMap":{"0":{"name":"(anonymous_0)","decl":{"start":{"line":6,"column":17},"end":{"line":6,"column":18}},"loc":{"start":{"line":6,"column":37},"end":{"line":19,"column":1}},"line":6},"1":{"name":"(anonymous_1)","decl":{"start":{"line":22,"column":16},"end":{"line":22,"column":17}},"loc":{"start":{"line":22,"column":36},"end":{"line":29,"column":1}},"line":22}},"branchMap":{"0":{"loc":{"start":{"line":10,"column":4},"end":{"line":12,"column":5}},"type":"if","locations":[{"start":{"line":10,"column":4},"end":{"line":12,"column":5}},{"start":{},"end":{}}],"line":10},"1":{"loc":{"start":{"line":10,"column":8},"end":{"line":10,"column":33}},"type":"binary-expr","locations":[{"start":{"line":10,"column":8},"end":{"line":10,"column":13}},{"start":{"line":10,"column":17},"end":{"line":10,"column":23}},{"start":{"line":10,"column":27},"end":{"line":10,"column":33}}],"line":10}},"s":{"0":2,"1":2,"2":2,"3":2,"4":29,"5":29,"6":29,"7":12,"8":17,"9":15,"10":2,"11":2,"12":11,"13":11,"14":10,"15":1,"16":2},"f":{"0":29,"1":11},"b":{"0":[12,17],"1":[29,22,19]},"_coverageSchema":"1a1c01bbd47fc00a2c39e90264f33305004495a9","hash":"6c3338c84483c5c5f45628f15932d1c65505b7ba"}
,"/Users/vaishnavi/SE-main/backend/routes/auth.js": {"path":"/Users/vaishnavi/SE-main/backend/routes/auth.js","statementMap":{"0":{"start":{"line":1,"column":16},"end":{"line":1,"column":34}},"1":{"start":{"line":2,"column":12},"end":{"line":2,"column":35}},"2":{"start":{"line":3,"column":13},"end":{"line":3,"column":38}},"3":{"start":{"line":4,"column":19},"end":{"line":4,"column":50}},"4":{"start":{"line":6,"column":15},"end":{"line":6,"column":31}},"5":{"start":{"line":9,"column":18},"end":{"line":13,"column":1}},"6":{"start":{"line":10,"column":2},"end":{"line":12,"column":5}},"7":{"start":{"line":18,"column":0},"end":{"line":47,"column":3}},"8":{"start":{"line":19,"column":2},"end":{"line":46,"column":3}},"9":{"start":{"line":20,"column":45},"end":{"line":20,"column":53}},"10":{"start":{"line":21,"column":4},"end":{"line":23,"column":5}},"11":{"start":{"line":22,"column":6},"end":{"line":22,"column":98}},"12":{"start":{"line":26,"column":21},"end":{"line":26,"column":50}},"13":{"start":{"line":27,"column":4},"end":{"line":27,"column":82}},"14":{"start":{"line":27,"column":18},"end":{"line":27,"column":82}},"15":{"start":{"line":29,"column":17},"end":{"line":29,"column":68}},"16":{"start":{"line":30,"column":18},"end":{"line":30,"column":45}},"17":{"start":{"line":32,"column":4},"end":{"line":43,"column":7}},"18":{"start":{"line":45,"column":4},"end":{"line":45,"column":78}},"19":{"start":{"line":50,"column":0},"end":{"line":77,"column":3}},"20":{"start":{"line":51,"column":2},"end":{"line":76,"column":3}},"21":{"start":{"line":52,"column":32},"end":{"line":52,"column":40}},"22":{"start":{"line":53,"column":4},"end":{"line":54,"column":84}},"23":{"start":{"line":54,"column":6},"end":{"line":54,"column":84}},"24":{"start":{"line":56,"column":17},"end":{"line":56,"column":66}},"25":{"start":{"line":57,"column":4},"end":{"line":58,"column":78}},"26":{"start":{"line":58,"column":6},"end":{"line":58,"column":78}},"27":{"start":{"line":60,"column":18},"end":{"line":60,"column":45}},"28":{"start":{"line":62,"column":4},"end":{"line":73,"column":7}},"29":{"start":{"line":75,"column":4},"end":{"line":75,"column":71}},"30":{"start":{"line":82,"column":0},"end":{"line":119,"column":3}},"31":{"start":{"line":83,"column":2},"end":{"line":118,"column":3}},"32":{"start":{"line":84,"column":63},"end":{"line":84,"column":71}},"33":{"start":{"line":85,"column":4},"end":{"line":87,"column":5}},"34":{"start":{"line":86,"column":6},"end":{"line":86,"column":98}},"35":{"start":{"line":90,"column":21},"end":{"line":90,"column":56}},"36":{"start":{"line":91,"column":4},"end":{"line":91,"column":88}},"37":{"start":{"line":91,"column":18},"end":{"line":91,"column":88}},"38":{"start":{"line":93,"column":23},"end":{"line":100,"column":6}},"39":{"start":{"line":102,"column":18},"end":{"line":102,"column":57}},"40":{"start":{"line":104,"column":4},"end":{"line":115,"column":7}},"41":{"start":{"line":117,"column":4},"end":{"line":117,"column":78}},"42":{"start":{"line":122,"column":0},"end":{"line":149,"column":3}},"43":{"start":{"line":123,"column":2},"end":{"line":148,"column":3}},"44":{"start":{"line":124,"column":32},"end":{"line":124,"column":40}},"45":{"start":{"line":125,"column":4},"end":{"line":126,"column":84}},"46":{"start":{"line":126,"column":6},"end":{"line":126,"column":84}},"47":{"start":{"line":128,"column":23},"end":{"line":128,"column":78}},"48":{"start":{"line":129,"column":4},"end":{"line":130,"column":78}},"49":{"start":{"line":130,"column":6},"end":{"line":130,"column":78}},"50":{"start":{"line":132,"column":18},"end":{"line":132,"column":57}},"51":{"start":{"line":134,"column":4},"end":{"line":145,"column":7}},"52":{"start":{"line":147,"column":4},"end":{"line":147,"column":71}},"53":{"start":{"line":151,"column":0},"end":{"line":151,"column":24}}},"fnMap":{"0":{"name":"(anonymous_0)","decl":{"start":{"line":9,"column":18},"end":{"line":9,"column":19}},"loc":{"start":{"line":9,"column":32},"end":{"line":13,"column":1}},"line":9},"1":{"name":"(anonymous_1)","decl":{"start":{"line":18,"column":30},"end":{"line":18,"column":31}},"loc":{"start":{"line":18,"column":50},"end":{"line":47,"column":1}},"line":18},"2":{"name":"(anonymous_2)","decl":{"start":{"line":50,"column":27},"end":{"line":50,"column":28}},"loc":{"start":{"line":50,"column":47},"end":{"line":77,"column":1}},"line":50},"3":{"name":"(anonymous_3)","decl":{"start":{"line":82,"column":36},"end":{"line":82,"column":37}},"loc":{"start":{"line":82,"column":56},"end":{"line":119,"column":1}},"line":82},"4":{"name":"(anonymous_4)","decl":{"start":{"line":122,"column":33},"end":{"line":122,"column":34}},"loc":{"start":{"line":122,"column":53},"end":{"line":149,"column":1}},"line":122}},"branchMap":{"0":{"loc":{"start":{"line":21,"column":4},"end":{"line":23,"column":5}},"type":"if","locations":[{"start":{"line":21,"column":4},"end":{"line":23,"column":5}},{"start":{},"end":{}}],"line":21},"1":{"loc":{"start":{"line":21,"column":8},"end":{"line":21,"column":76}},"type":"binary-expr","locations":[{"start":{"line":21,"column":8},"end":{"line":21,"column":17}},{"start":{"line":21,"column":21},"end":{"line":21,"column":35}},{"start":{"line":21,"column":39},"end":{"line":21,"column":54}},{"start":{"line":21,"column":58},"end":{"line":21,"column":76}}],"line":21},"2":{"loc":{"start":{"line":27,"column":4},"end":{"line":27,"column":82}},"type":"if","locations":[{"start":{"line":27,"column":4},"end":{"line":27,"column":82}},{"start":{},"end":{}}],"line":27},"3":{"loc":{"start":{"line":45,"column":36},"end":{"line":45,"column":74}},"type":"binary-expr","locations":[{"start":{"line":45,"column":36},"end":{"line":45,"column":49}},{"start":{"line":45,"column":53},"end":{"line":45,"column":74}}],"line":45},"4":{"loc":{"start":{"line":53,"column":4},"end":{"line":54,"column":84}},"type":"if","locations":[{"start":{"line":53,"column":4},"end":{"line":54,"column":84}},{"start":{},"end":{}}],"line":53},"5":{"loc":{"start":{"line":53,"column":8},"end":{"line":53,"column":27}},"type":"binary-expr","locations":[{"start":{"line":53,"column":8},"end":{"line":53,"column":14}},{"start":{"line":53,"column":18},"end":{"line":53,"column":27}}],"line":53},"6":{"loc":{"start":{"line":57,"column":4},"end":{"line":58,"column":78}},"type":"if","locations":[{"start":{"line":57,"column":4},"end":{"line":58,"column":78}},{"start":{},"end":{}}],"line":57},"7":{"loc":{"start":{"line":57,"column":8},"end":{"line":57,"column":71}},"type":"binary-expr","locations":[{"start":{"line":57,"column":8},"end":{"line":57,"column":13}},{"start":{"line":57,"column":17},"end":{"line":57,"column":71}}],"line":57},"8":{"loc":{"start":{"line":75,"column":36},"end":{"line":75,"column":67}},"type":"binary-expr","locations":[{"start":{"line":75,"column":36},"end":{"line":75,"column":49}},{"start":{"line":75,"column":53},"end":{"line":75,"column":67}}],"line":75},"9":{"loc":{"start":{"line":85,"column":4},"end":{"line":87,"column":5}},"type":"if","locations":[{"start":{"line":85,"column":4},"end":{"line":87,"column":5}},{"start":{},"end":{}}],"line":85},"10":{"loc":{"start":{"line":85,"column":8},"end":{"line":85,"column":76}},"type":"binary-expr","locations":[{"start":{"line":85,"column":8},"end":{"line":85,"column":17}},{"start":{"line":85,"column":21},"end":{"line":85,"column":35}},{"start":{"line":85,"column":39},"end":{"line":85,"column":54}},{"start":{"line":85,"column":58},"end":{"line":85,"column":76}}],"line":85},"11":{"loc":{"start":{"line":91,"column":4},"end":{"line":91,"column":88}},"type":"if","locations":[{"start":{"line":91,"column":4},"end":{"line":91,"column":88}},{"start":{},"end":{}}],"line":91},"12":{"loc":{"start":{"line":117,"column":36},"end":{"line":117,"column":74}},"type":"binary-expr","locations":[{"start":{"line":117,"column":36},"end":{"line":117,"column":49}},{"start":{"line":117,"column":53},"end":{"line":117,"column":74}}],"line":117},"13":{"loc":{"start":{"line":125,"column":4},"end":{"line":126,"column":84}},"type":"if","locations":[{"start":{"line":125,"column":4},"end":{"line":126,"column":84}},{"start":{},"end":{}}],"line":125},"14":{"loc":{"start":{"line":125,"column":8},"end":{"line":125,"column":27}},"type":"binary-expr","locations":[{"start":{"line":125,"column":8},"end":{"line":125,"column":14}},{"start":{"line":125,"column":18},"end":{"line":125,"column":27}}],"line":125},"15":{"loc":{"start":{"line":129,"column":4},"end":{"line":130,"column":78}},"type":"if","locations":[{"start":{"line":129,"column":4},"end":{"line":130,"column":78}},{"start":{},"end":{}}],"line":129},"16":{"loc":{"start":{"line":129,"column":8},"end":{"line":129,"column":89}},"type":"binary-expr","locations":[{"start":{"line":129,"column":8},"end":{"line":129,"column":19}},{"start":{"line":129,"column":23},"end":{"line":129,"column":89}}],"line":129},"17":{"loc":{"start":{"line":147,"column":36},"end":{"line":147,"column":67}},"type":"binary-expr","locations":[{"start":{"line":147,"column":36},"end":{"line":147,"column":49}},{"start":{"line":147,"column":53},"end":{"line":147,"column":67}}],"line":147}},"s":{"0":2,"1":2,"2":2,"3":2,"4":2,"5":2,"6":18,"7":2,"8":13,"9":13,"10":13,"11":4,"12":9,"13":9,"14":1,"15":8,"16":7,"17":7,"18":1,"19":2,"20":9,"21":9,"22":9,"23":2,"24":7,"25":6,"26":2,"27":4,"28":4,"29":1,"30":2,"31":10,"32":10,"33":10,"34":3,"35":7,"36":7,"37":1,"38":6,"39":5,"40":5,"41":1,"42":2,"43":7,"44":7,"45":7,"46":2,"47":5,"48":4,"49":2,"50":2,"51":2,"52":1,"53":2},"f":{"0":18,"1":13,"2":9,"3":10,"4":7},"b":{"0":[4,9],"1":[13,13,11,10],"2":[1,8],"3":[1,0],"4":[2,7],"5":[9,8],"6":[2,4],"7":[6,5],"8":[1,0],"9":[3,7],"10":[10,10,9,8],"11":[1,6],"12":[1,0],"13":[2,5],"14":[7,6],"15":[2,2],"16":[4,3],"17":[1,0]},"_coverageSchema":"1a1c01bbd47fc00a2c39e90264f33305004495a9","hash":"ed88dc79454740d3713b3346d999cebd8a7b8d68"}
,"/Users/vaishnavi/SE-main/backend/routes/orders.js": {"path":"/Users/vaishnavi/SE-main/backend/routes/orders.js","statementMap":{"0":{"start":{"line":1,"column":16},"end":{"line":1,"column":34}},"1":{"start":{"line":2,"column":14},"end":{"line":2,"column":40}},"2":{"start":{"line":4,"column":15},"end":{"line":4,"column":31}},"3":{"start":{"line":7,"column":0},"end":{"line":15,"column":3}},"4":{"start":{"line":8,"column":2},"end":{"line":14,"column":3}},"5":{"start":{"line":9,"column":18},"end":{"line":9,"column":46}},"6":{"start":{"line":10,"column":4},"end":{"line":10,"column":44}},"7":{"start":{"line":11,"column":4},"end":{"line":11,"column":32}},"8":{"start":{"line":13,"column":4},"end":{"line":13,"column":53}},"9":{"start":{"line":18,"column":0},"end":{"line":27,"column":3}},"10":{"start":{"line":19,"column":2},"end":{"line":26,"column":3}},"11":{"start":{"line":20,"column":19},"end":{"line":22,"column":30}},"12":{"start":{"line":23,"column":4},"end":{"line":23,"column":21}},"13":{"start":{"line":25,"column":4},"end":{"line":25,"column":53}},"14":{"start":{"line":30,"column":0},"end":{"line":39,"column":3}},"15":{"start":{"line":31,"column":2},"end":{"line":38,"column":3}},"16":{"start":{"line":32,"column":19},"end":{"line":34,"column":30}},"17":{"start":{"line":35,"column":4},"end":{"line":35,"column":21}},"18":{"start":{"line":37,"column":4},"end":{"line":37,"column":53}},"19":{"start":{"line":42,"column":0},"end":{"line":58,"column":3}},"20":{"start":{"line":43,"column":2},"end":{"line":57,"column":3}},"21":{"start":{"line":44,"column":18},"end":{"line":48,"column":33}},"22":{"start":{"line":50,"column":4},"end":{"line":52,"column":5}},"23":{"start":{"line":51,"column":6},"end":{"line":51,"column":66}},"24":{"start":{"line":54,"column":4},"end":{"line":54,"column":20}},"25":{"start":{"line":56,"column":4},"end":{"line":56,"column":53}},"26":{"start":{"line":60,"column":0},"end":{"line":60,"column":24}}},"fnMap":{"0":{"name":"(anonymous_0)","decl":{"start":{"line":7,"column":17},"end":{"line":7,"column":18}},"loc":{"start":{"line":7,"column":37},"end":{"line":15,"column":1}},"line":7},"1":{"name":"(anonymous_1)","decl":{"start":{"line":18,"column":28},"end":{"line":18,"column":29}},"loc":{"start":{"line":18,"column":48},"end":{"line":27,"column":1}},"line":18},"2":{"name":"(anonymous_2)","decl":{"start":{"line":30,"column":40},"end":{"line":30,"column":41}},"loc":{"start":{"line":30,"column":60},"end":{"line":39,"column":1}},"line":30},"3":{"name":"(anonymous_3)","decl":{"start":{"line":42,"column":28},"end":{"line":42,"column":29}},"loc":{"start":{"line":42,"column":48},"end":{"line":58,"column":1}},"line":42}},"branchMap":{"0":{"loc":{"start":{"line":50,"column":4},"end":{"line":52,"column":5}},"type":"if","locations":[{"start":{"line":50,"column":4},"end":{"line":52,"column":5}},{"start":{},"end":{}}],"line":50}},"s":{"0":2,"1":2,"2":2,"3":2,"4":6,"5":6,"6":4,"7":1,"8":5,"9":2,"10":3,"11":3,"12":2,"13":1,"14":2,"15":2,"16":2,"17":2,"18":0,"19":2,"20":4,"21":4,"22":2,"23":1,"24":1,"25":2,"26":2},"f":{"0":6,"1":3,"2":2,"3":4},"b":{"0":[1,1]},"_coverageSchema":"1a1c01bbd47fc00a2c39e90264f33305004495a9","hash":"1e5282141f9c09076e699c45763be33dcd006a23"}
,"/Users/vaishnavi/SE-main/backend/routes/restaurantRoutes.js": {"path":"/Users/vaishnavi/SE-main/backend/routes/restaurantRoutes.js","statementMap":{"0":{"start":{"line":1,"column":16},"end":{"line":1,"column":34}},"1":{"start":{"line":2,"column":19},"end":{"line":2,"column":50}},"2":{"start":{"line":3,"column":35},"end":{"line":3,"column":64}},"3":{"start":{"line":5,"column":15},"end":{"line":5,"column":31}},"4":{"start":{"line":9,"column":0},"end":{"line":9,"column":35}},"5":{"start":{"line":12,"column":0},"end":{"line":14,"column":1}},"6":{"start":{"line":13,"column":2},"end":{"line":13,"column":66}},"7":{"start":{"line":19,"column":0},"end":{"line":31,"column":3}},"8":{"start":{"line":20,"column":2},"end":{"line":30,"column":3}},"9":{"start":{"line":21,"column":4},"end":{"line":21,"column":70}},"10":{"start":{"line":22,"column":23},"end":{"line":22,"column":66}},"11":{"start":{"line":23,"column":4},"end":{"line":25,"column":5}},"12":{"start":{"line":24,"column":6},"end":{"line":24,"column":71}},"13":{"start":{"line":26,"column":4},"end":{"line":26,"column":30}},"14":{"start":{"line":28,"column":4},"end":{"line":28,"column":51}},"15":{"start":{"line":29,"column":4},"end":{"line":29,"column":53}},"16":{"start":{"line":34,"column":0},"end":{"line":66,"column":3}},"17":{"start":{"line":35,"column":2},"end":{"line":65,"column":3}},"18":{"start":{"line":36,"column":4},"end":{"line":36,"column":72}},"19":{"start":{"line":37,"column":4},"end":{"line":37,"column":46}},"20":{"start":{"line":39,"column":23},"end":{"line":39,"column":66}},"21":{"start":{"line":40,"column":4},"end":{"line":43,"column":5}},"22":{"start":{"line":41,"column":6},"end":{"line":41,"column":65}},"23":{"start":{"line":42,"column":6},"end":{"line":42,"column":71}},"24":{"start":{"line":45,"column":24},"end":{"line":52,"column":5}},"25":{"start":{"line":54,"column":4},"end":{"line":54,"column":51}},"26":{"start":{"line":56,"column":4},"end":{"line":56,"column":38}},"27":{"start":{"line":57,"column":4},"end":{"line":57,"column":28}},"28":{"start":{"line":59,"column":22},"end":{"line":59,"column":65}},"29":{"start":{"line":60,"column":4},"end":{"line":60,"column":66}},"30":{"start":{"line":61,"column":4},"end":{"line":61,"column":36}},"31":{"start":{"line":63,"column":4},"end":{"line":63,"column":54}},"32":{"start":{"line":64,"column":4},"end":{"line":64,"column":53}},"33":{"start":{"line":69,"column":0},"end":{"line":96,"column":3}},"34":{"start":{"line":70,"column":2},"end":{"line":95,"column":3}},"35":{"start":{"line":71,"column":4},"end":{"line":71,"column":65}},"36":{"start":{"line":72,"column":23},"end":{"line":72,"column":66}},"37":{"start":{"line":73,"column":4},"end":{"line":75,"column":5}},"38":{"start":{"line":74,"column":6},"end":{"line":74,"column":71}},"39":{"start":{"line":77,"column":21},"end":{"line":77,"column":62}},"40":{"start":{"line":78,"column":4},"end":{"line":80,"column":5}},"41":{"start":{"line":79,"column":6},"end":{"line":79,"column":70}},"42":{"start":{"line":82,"column":4},"end":{"line":82,"column":67}},"43":{"start":{"line":82,"column":37},"end":{"line":82,"column":67}},"44":{"start":{"line":83,"column":4},"end":{"line":83,"column":88}},"45":{"start":{"line":83,"column":44},"end":{"line":83,"column":88}},"46":{"start":{"line":84,"column":4},"end":{"line":84,"column":70}},"47":{"start":{"line":84,"column":38},"end":{"line":84,"column":70}},"48":{"start":{"line":85,"column":4},"end":{"line":85,"column":79}},"49":{"start":{"line":85,"column":41},"end":{"line":85,"column":79}},"50":{"start":{"line":86,"column":4},"end":{"line":86,"column":70}},"51":{"start":{"line":86,"column":38},"end":{"line":86,"column":70}},"52":{"start":{"line":87,"column":4},"end":{"line":87,"column":82}},"53":{"start":{"line":87,"column":42},"end":{"line":87,"column":82}},"54":{"start":{"line":89,"column":4},"end":{"line":89,"column":28}},"55":{"start":{"line":90,"column":4},"end":{"line":90,"column":52}},"56":{"start":{"line":91,"column":4},"end":{"line":91,"column":23}},"57":{"start":{"line":93,"column":4},"end":{"line":93,"column":56}},"58":{"start":{"line":94,"column":4},"end":{"line":94,"column":53}},"59":{"start":{"line":99,"column":0},"end":{"line":116,"column":3}},"60":{"start":{"line":100,"column":2},"end":{"line":115,"column":3}},"61":{"start":{"line":101,"column":4},"end":{"line":101,"column":66}},"62":{"start":{"line":102,"column":23},"end":{"line":102,"column":66}},"63":{"start":{"line":103,"column":4},"end":{"line":105,"column":5}},"64":{"start":{"line":104,"column":6},"end":{"line":104,"column":71}},"65":{"start":{"line":107,"column":4},"end":{"line":107,"column":48}},"66":{"start":{"line":108,"column":4},"end":{"line":108,"column":28}},"67":{"start":{"line":110,"column":4},"end":{"line":110,"column":52}},"68":{"start":{"line":111,"column":4},"end":{"line":111,"column":60}},"69":{"start":{"line":113,"column":4},"end":{"line":113,"column":56}},"70":{"start":{"line":114,"column":4},"end":{"line":114,"column":53}},"71":{"start":{"line":120,"column":0},"end":{"line":155,"column":3}},"72":{"start":{"line":121,"column":2},"end":{"line":154,"column":3}},"73":{"start":{"line":122,"column":25},"end":{"line":122,"column":41}},"74":{"start":{"line":123,"column":23},"end":{"line":123,"column":62}},"75":{"start":{"line":124,"column":4},"end":{"line":126,"column":5}},"76":{"start":{"line":125,"column":6},"end":{"line":125,"column":71}},"77":{"start":{"line":129,"column":18},"end":{"line":129,"column":44}},"78":{"start":{"line":130,"column":19},"end":{"line":130,"column":65}},"79":{"start":{"line":132,"column":24},"end":{"line":132,"column":37}},"80":{"start":{"line":133,"column":26},"end":{"line":135,"column":12}},"81":{"start":{"line":134,"column":6},"end":{"line":134,"column":82}},"82":{"start":{"line":137,"column":21},"end":{"line":137,"column":46}},"83":{"start":{"line":138,"column":24},"end":{"line":140,"column":5}},"84":{"start":{"line":139,"column":11},"end":{"line":139,"column":60}},"85":{"start":{"line":141,"column":25},"end":{"line":141,"column":86}},"86":{"start":{"line":141,"column":56},"end":{"line":141,"column":82}},"87":{"start":{"line":143,"column":18},"end":{"line":148,"column":5}},"88":{"start":{"line":150,"column":4},"end":{"line":150,"column":20}},"89":{"start":{"line":152,"column":4},"end":{"line":152,"column":52}},"90":{"start":{"line":153,"column":4},"end":{"line":153,"column":53}},"91":{"start":{"line":159,"column":0},"end":{"line":165,"column":3}},"92":{"start":{"line":160,"column":2},"end":{"line":164,"column":3}},"93":{"start":{"line":161,"column":4},"end":{"line":161,"column":17}},"94":{"start":{"line":163,"column":4},"end":{"line":163,"column":53}},"95":{"start":{"line":168,"column":0},"end":{"line":186,"column":3}},"96":{"start":{"line":169,"column":2},"end":{"line":185,"column":3}},"97":{"start":{"line":170,"column":47},"end":{"line":170,"column":55}},"98":{"start":{"line":172,"column":23},"end":{"line":176,"column":25}},"99":{"start":{"line":178,"column":4},"end":{"line":180,"column":5}},"100":{"start":{"line":179,"column":6},"end":{"line":179,"column":71}},"101":{"start":{"line":182,"column":4},"end":{"line":182,"column":25}},"102":{"start":{"line":184,"column":4},"end":{"line":184,"column":53}},"103":{"start":{"line":188,"column":0},"end":{"line":188,"column":24}}},"fnMap":{"0":{"name":"(anonymous_0)","decl":{"start":{"line":19,"column":20},"end":{"line":19,"column":21}},"loc":{"start":{"line":19,"column":40},"end":{"line":31,"column":1}},"line":19},"1":{"name":"(anonymous_1)","decl":{"start":{"line":34,"column":21},"end":{"line":34,"column":22}},"loc":{"start":{"line":34,"column":41},"end":{"line":66,"column":1}},"line":34},"2":{"name":"(anonymous_2)","decl":{"start":{"line":69,"column":32},"end":{"line":69,"column":33}},"loc":{"start":{"line":69,"column":52},"end":{"line":96,"column":1}},"line":69},"3":{"name":"(anonymous_3)","decl":{"start":{"line":99,"column":35},"end":{"line":99,"column":36}},"loc":{"start":{"line":99,"column":55},"end":{"line":116,"column":1}},"line":99},"4":{"name":"(anonymous_4)","decl":{"start":{"line":120,"column":21},"end":{"line":120,"column":22}},"loc":{"start":{"line":120,"column":41},"end":{"line":155,"column":1}},"line":120},"5":{"name":"(anonymous_5)","decl":{"start":{"line":133,"column":40},"end":{"line":133,"column":41}},"loc":{"start":{"line":134,"column":6},"end":{"line":134,"column":82}},"line":134},"6":{"name":"(anonymous_6)","decl":{"start":{"line":139,"column":6},"end":{"line":139,"column":7}},"loc":{"start":{"line":139,"column":11},"end":{"line":139,"column":60}},"line":139},"7":{"name":"(anonymous_7)","decl":{"start":{"line":141,"column":44},"end":{"line":141,"column":45}},"loc":{"start":{"line":141,"column":56},"end":{"line":141,"column":82}},"line":141},"8":{"name":"(anonymous_8)","decl":{"start":{"line":159,"column":22},"end":{"line":159,"column":23}},"loc":{"start":{"line":159,"column":42},"end":{"line":165,"column":1}},"line":159},"9":{"name":"(anonymous_9)","decl":{"start":{"line":168,"column":23},"end":{"line":168,"column":24}},"loc":{"start":{"line":168,"column":43},"end":{"line":186,"column":1}},"line":168}},"branchMap":{"0":{"loc":{"start":{"line":12,"column":0},"end":{"line":14,"column":1}},"type":"if","locations":[{"start":{"line":12,"column":0},"end":{"line":14,"column":1}},{"start":{},"end":{}}],"line":12},"1":{"loc":{"start":{"line":23,"column":4},"end":{"line":25,"column":5}},"type":"if","locations":[{"start":{"line":23,"column":4},"end":{"line":25,"column":5}},{"start":{},"end":{}}],"line":23},"2":{"loc":{"start":{"line":40,"column":4},"end":{"line":43,"column":5}},"type":"if","locations":[{"start":{"line":40,"column":4},"end":{"line":43,"column":5}},{"start":{},"end":{}}],"line":40},"3":{"loc":{"start":{"line":51,"column":17},"end":{"line":51,"column":77}},"type":"cond-expr","locations":[{"start":{"line":51,"column":52},"end":{"line":51,"column":70}},{"start":{"line":51,"column":73},"end":{"line":51,"column":77}}],"line":51},"4":{"loc":{"start":{"line":73,"column":4},"end":{"line":75,"column":5}},"type":"if","locations":[{"start":{"line":73,"column":4},"end":{"line":75,"column":5}},{"start":{},"end":{}}],"line":73},"5":{"loc":{"start":{"line":78,"column":4},"end":{"line":80,"column":5}},"type":"if","locations":[{"start":{"line":78,"column":4},"end":{"line":80,"column":5}},{"start":{},"end":{}}],"line":78},"6":{"loc":{"start":{"line":82,"column":4},"end":{"line":82,"column":67}},"type":"if","locations":[{"start":{"line":82,"column":4},"end":{"line":82,"column":67}},{"start":{},"end":{}}],"line":82},"7":{"loc":{"start":{"line":83,"column":4},"end":{"line":83,"column":88}},"type":"if","locations":[{"start":{"line":83,"column":4},"end":{"line":83,"column":88}},{"start":{},"end":{}}],"line":83},"8":{"loc":{"start":{"line":84,"column":4},"end":{"line":84,"column":70}},"type":"if","locations":[{"start":{"line":84,"column":4},"end":{"line":84,"column":70}},{"start":{},"end":{}}],"line":84},"9":{"loc":{"start":{"line":85,"column":4},"end":{"line":85,"column":79}},"type":"if","locations":[{"start":{"line":85,"column":4},"end":{"line":85,"column":79}},{"start":{},"end":{}}],"line":85},"10":{"loc":{"start":{"line":86,"column":4},"end":{"line":86,"column":70}},"type":"if","locations":[{"start":{"line":86,"column":4},"end":{"line":86,"column":70}},{"start":{},"end":{}}],"line":86},"11":{"loc":{"start":{"line":87,"column":4},"end":{"line":87,"column":82}},"type":"if","locations":[{"start":{"line":87,"column":4},"end":{"line":87,"column":82}},{"start":{},"end":{}}],"line":87},"12":{"loc":{"start":{"line":103,"column":4},"end":{"line":105,"column":5}},"type":"if","locations":[{"start":{"line":103,"column":4},"end":{"line":105,"column":5}},{"start":{},"end":{}}],"line":103},"13":{"loc":{"start":{"line":124,"column":4},"end":{"line":126,"column":5}},"type":"if","locations":[{"start":{"line":124,"column":4},"end":{"line":126,"column":5}},{"start":{},"end":{}}],"line":124},"14":{"loc":{"start":{"line":141,"column":63},"end":{"line":141,"column":81}},"type":"binary-expr","locations":[{"start":{"line":141,"column":63},"end":{"line":141,"column":76}},{"start":{"line":141,"column":80},"end":{"line":141,"column":81}}],"line":141},"15":{"loc":{"start":{"line":178,"column":4},"end":{"line":180,"column":5}},"type":"if","locations":[{"start":{"line":178,"column":4},"end":{"line":180,"column":5}},{"start":{},"end":{}}],"line":178}},"s":{"0":1,"1":1,"2":1,"3":1,"4":1,"5":1,"6":1,"7":1,"8":2,"9":2,"10":2,"11":2,"12":1,"13":1,"14":0,"15":0,"16":1,"17":2,"18":2,"19":2,"20":2,"21":2,"22":1,"23":1,"24":1,"25":1,"26":1,"27":1,"28":1,"29":1,"30":1,"31":0,"32":0,"33":1,"34":2,"35":2,"36":2,"37":2,"38":0,"39":2,"40":2,"41":1,"42":1,"43":0,"44":1,"45":0,"46":1,"47":1,"48":1,"49":0,"50":1,"51":0,"52":1,"53":1,"54":1,"55":1,"56":1,"57":0,"58":0,"59":1,"60":1,"61":1,"62":1,"63":1,"64":0,"65":1,"66":1,"67":1,"68":1,"69":0,"70":0,"71":1,"72":2,"73":2,"74":2,"75":2,"76":1,"77":1,"78":1,"79":1,"80":1,"81":2,"82":1,"83":1,"84":2,"85":1,"86":2,"87":1,"88":1,"89":0,"90":0,"91":1,"92":1,"93":1,"94":0,"95":1,"96":2,"97":2,"98":2,"99":2,"100":0,"101":2,"102":0,"103":1},"f":{"0":2,"1":2,"2":2,"3":1,"4":2,"5":2,"6":2,"7":2,"8":1,"9":2},"b":{"0":[1,0],"1":[1,1],"2":[1,1],"3":[1,0],"4":[0,2],"5":[1,1],"6":[0,1],"7":[0,1],"8":[1,0],"9":[0,1],"10":[0,1],"11":[1,0],"12":[0,1],"13":[1,1],"14":[2,0],"15":[0,2]},"_coverageSchema":"1a1c01bbd47fc00a2c39e90264f33305004495a9","hash":"e187da511f8751a0ddce698576de393665b18ec5"}
,"/Users/vaishnavi/SE-main/backend/routes/restaurants.js": {"path":"/Users/vaishnavi/SE-main/backend/routes/restaurants.js","statementMap":{"0":{"start":{"line":1,"column":16},"end":{"line":1,"column":34}},"1":{"start":{"line":2,"column":19},"end":{"line":2,"column":50}},"2":{"start":{"line":4,"column":15},"end":{"line":4,"column":31}},"3":{"start":{"line":8,"column":0},"end":{"line":23,"column":3}},"4":{"start":{"line":9,"column":2},"end":{"line":22,"column":3}},"5":{"start":{"line":10,"column":18},"end":{"line":10,"column":34}},"6":{"start":{"line":11,"column":24},"end":{"line":17,"column":26}},"7":{"start":{"line":19,"column":4},"end":{"line":19,"column":26}},"8":{"start":{"line":21,"column":4},"end":{"line":21,"column":53}},"9":{"start":{"line":26,"column":0},"end":{"line":33,"column":3}},"10":{"start":{"line":27,"column":2},"end":{"line":32,"column":3}},"11":{"start":{"line":28,"column":24},"end":{"line":28,"column":85}},"12":{"start":{"line":29,"column":4},"end":{"line":29,"column":26}},"13":{"start":{"line":31,"column":4},"end":{"line":31,"column":53}},"14":{"start":{"line":36,"column":0},"end":{"line":46,"column":3}},"15":{"start":{"line":37,"column":2},"end":{"line":45,"column":3}},"16":{"start":{"line":38,"column":23},"end":{"line":38,"column":83}},"17":{"start":{"line":39,"column":4},"end":{"line":41,"column":5}},"18":{"start":{"line":40,"column":6},"end":{"line":40,"column":71}},"19":{"start":{"line":42,"column":4},"end":{"line":42,"column":25}},"20":{"start":{"line":44,"column":4},"end":{"line":44,"column":53}},"21":{"start":{"line":49,"column":0},"end":{"line":67,"column":3}},"22":{"start":{"line":50,"column":2},"end":{"line":66,"column":3}},"23":{"start":{"line":51,"column":47},"end":{"line":51,"column":55}},"24":{"start":{"line":53,"column":23},"end":{"line":57,"column":25}},"25":{"start":{"line":59,"column":4},"end":{"line":61,"column":5}},"26":{"start":{"line":60,"column":6},"end":{"line":60,"column":71}},"27":{"start":{"line":63,"column":4},"end":{"line":63,"column":25}},"28":{"start":{"line":65,"column":4},"end":{"line":65,"column":53}},"29":{"start":{"line":70,"column":0},"end":{"line":84,"column":3}},"30":{"start":{"line":71,"column":2},"end":{"line":83,"column":3}},"31":{"start":{"line":72,"column":23},"end":{"line":72,"column":63}},"32":{"start":{"line":73,"column":4},"end":{"line":75,"column":5}},"33":{"start":{"line":74,"column":6},"end":{"line":74,"column":71}},"34":{"start":{"line":77,"column":4},"end":{"line":77,"column":35}},"35":{"start":{"line":78,"column":4},"end":{"line":78,"column":28}},"36":{"start":{"line":80,"column":4},"end":{"line":80,"column":70}},"37":{"start":{"line":82,"column":4},"end":{"line":82,"column":53}},"38":{"start":{"line":87,"column":0},"end":{"line":106,"column":3}},"39":{"start":{"line":88,"column":2},"end":{"line":105,"column":3}},"40":{"start":{"line":89,"column":23},"end":{"line":89,"column":63}},"41":{"start":{"line":90,"column":4},"end":{"line":92,"column":5}},"42":{"start":{"line":91,"column":6},"end":{"line":91,"column":71}},"43":{"start":{"line":94,"column":21},"end":{"line":94,"column":62}},"44":{"start":{"line":95,"column":4},"end":{"line":97,"column":5}},"45":{"start":{"line":96,"column":6},"end":{"line":96,"column":70}},"46":{"start":{"line":99,"column":4},"end":{"line":99,"column":38}},"47":{"start":{"line":100,"column":4},"end":{"line":100,"column":28}},"48":{"start":{"line":102,"column":4},"end":{"line":102,"column":23}},"49":{"start":{"line":104,"column":4},"end":{"line":104,"column":53}},"50":{"start":{"line":109,"column":0},"end":{"line":123,"column":3}},"51":{"start":{"line":110,"column":2},"end":{"line":122,"column":3}},"52":{"start":{"line":111,"column":23},"end":{"line":111,"column":63}},"53":{"start":{"line":112,"column":4},"end":{"line":114,"column":5}},"54":{"start":{"line":113,"column":6},"end":{"line":113,"column":71}},"55":{"start":{"line":116,"column":4},"end":{"line":116,"column":48}},"56":{"start":{"line":117,"column":4},"end":{"line":117,"column":28}},"57":{"start":{"line":119,"column":4},"end":{"line":119,"column":60}},"58":{"start":{"line":121,"column":4},"end":{"line":121,"column":53}},"59":{"start":{"line":125,"column":0},"end":{"line":125,"column":24}}},"fnMap":{"0":{"name":"(anonymous_0)","decl":{"start":{"line":8,"column":29},"end":{"line":8,"column":30}},"loc":{"start":{"line":8,"column":49},"end":{"line":23,"column":1}},"line":8},"1":{"name":"(anonymous_1)","decl":{"start":{"line":26,"column":16},"end":{"line":26,"column":17}},"loc":{"start":{"line":26,"column":36},"end":{"line":33,"column":1}},"line":26},"2":{"name":"(anonymous_2)","decl":{"start":{"line":36,"column":19},"end":{"line":36,"column":20}},"loc":{"start":{"line":36,"column":39},"end":{"line":46,"column":1}},"line":36},"3":{"name":"(anonymous_3)","decl":{"start":{"line":49,"column":19},"end":{"line":49,"column":20}},"loc":{"start":{"line":49,"column":39},"end":{"line":67,"column":1}},"line":49},"4":{"name":"(anonymous_4)","decl":{"start":{"line":70,"column":25},"end":{"line":70,"column":26}},"loc":{"start":{"line":70,"column":45},"end":{"line":84,"column":1}},"line":70},"5":{"name":"(anonymous_5)","decl":{"start":{"line":87,"column":36},"end":{"line":87,"column":37}},"loc":{"start":{"line":87,"column":56},"end":{"line":106,"column":1}},"line":87},"6":{"name":"(anonymous_6)","decl":{"start":{"line":109,"column":39},"end":{"line":109,"column":40}},"loc":{"start":{"line":109,"column":59},"end":{"line":123,"column":1}},"line":109}},"branchMap":{"0":{"loc":{"start":{"line":39,"column":4},"end":{"line":41,"column":5}},"type":"if","locations":[{"start":{"line":39,"column":4},"end":{"line":41,"column":5}},{"start":{},"end":{}}],"line":39},"1":{"loc":{"start":{"line":59,"column":4},"end":{"line":61,"column":5}},"type":"if","locations":[{"start":{"line":59,"column":4},"end":{"line":61,"column":5}},{"start":{},"end":{}}],"line":59},"2":{"loc":{"start":{"line":73,"column":4},"end":{"line":75,"column":5}},"type":"if","locations":[{"start":{"line":73,"column":4},"end":{"line":75,"column":5}},{"start":{},"end":{}}],"line":73},"3":{"loc":{"start":{"line":90,"column":4},"end":{"line":92,"column":5}},"type":"if","locations":[{"start":{"line":90,"column":4},"end":{"line":92,"column":5}},{"start":{},"end":{}}],"line":90},"4":{"loc":{"start":{"line":95,"column":4},"end":{"line":97,"column":5}},"type":"if","locations":[{"start":{"line":95,"column":4},"end":{"line":97,"column":5}},{"start":{},"end":{}}],"line":95},"5":{"loc":{"start":{"line":112,"column":4},"end":{"line":114,"column":5}},"type":"if","locations":[{"start":{"line":112,"column":4},"end":{"line":114,"column":5}},{"start":{},"end":{}}],"line":112}},"s":{"0":1,"1":1,"2":1,"3":1,"4":3,"5":3,"6":3,"7":3,"8":0,"9":1,"10":3,"11":3,"12":2,"13":1,"14":1,"15":2,"16":2,"17":2,"18":1,"19":1,"20":0,"21":1,"22":3,"23":3,"24":3,"25":3,"26":1,"27":2,"28":0,"29":1,"30":2,"31":2,"32":2,"33":1,"34":1,"35":1,"36":1,"37":0,"38":1,"39":3,"40":3,"41":3,"42":1,"43":2,"44":2,"45":1,"46":1,"47":1,"48":1,"49":0,"50":1,"51":2,"52":2,"53":2,"54":1,"55":1,"56":1,"57":1,"58":0,"59":1},"f":{"0":3,"1":3,"2":2,"3":3,"4":2,"5":3,"6":2},"b":{"0":[1,1],"1":[1,2],"2":[1,1],"3":[1,2],"4":[1,1],"5":[1,1]},"_coverageSchema":"1a1c01bbd47fc00a2c39e90264f33305004495a9","hash":"2c50e62e8c46bc54f2929e14f19e7abcebfac596"}
}
